INFO: [VRFC 10-2263] Analyzing Verilog file "C:/Study/DATKLL/RISC_CPU_MIPS.srcs/sources_1/new/alu.v" into library xil_defaultlib
INFO: [VRFC 10-311] analyzing module alu
INFO: [VRFC 10-2263] Analyzing Verilog file "C:/Study/DATKLL/RISC_CPU_MIPS.srcs/sources_1/new/alu_control.v" into library xil_defaultlib
INFO: [VRFC 10-311] analyzing module alu_control
INFO: [VRFC 10-2263] Analyzing Verilog file "C:/Study/DATKLL/RISC_CPU_MIPS.srcs/sources_1/new/control unit.v" into library xil_defaultlib
INFO: [VRFC 10-311] analyzing module control_unit
INFO: [VRFC 10-2263] Analyzing Verilog file "C:/Study/DATKLL/RISC_CPU_MIPS.srcs/sources_1/new/data_memory.v" into library xil_defaultlib
INFO: [VRFC 10-311] analyzing module data_memory
INFO: [VRFC 10-2263] Analyzing Verilog file "C:/Study/DATKLL/RISC_CPU_MIPS.srcs/sources_1/new/ex_mem.v" into library xil_defaultlib
INFO: [VRFC 10-311] analyzing module EX_MEM
INFO: [VRFC 10-2263] Analyzing Verilog file "C:/Study/DATKLL/RISC_CPU_MIPS.srcs/sources_1/new/forward module.v" into library xil_defaultlib
INFO: [VRFC 10-311] analyzing module forward_module
INFO: [VRFC 10-2263] Analyzing Verilog file "C:/Study/DATKLL/RISC_CPU_MIPS.srcs/sources_1/new/id_ex.v" into library xil_defaultlib
INFO: [VRFC 10-311] analyzing module ID_EX
INFO: [VRFC 10-2263] Analyzing Verilog file "C:/Study/DATKLL/RISC_CPU_MIPS.srcs/sources_1/new/if_id.v" into library xil_defaultlib
INFO: [VRFC 10-311] analyzing module IF_ID
INFO: [VRFC 10-2263] Analyzing Verilog file "C:/Study/DATKLL/RISC_CPU_MIPS.srcs/sources_1/new/intruction memory.v" into library xil_defaultlib
INFO: [VRFC 10-311] analyzing module instruction_memory
INFO: [VRFC 10-2263] Analyzing Verilog file "C:/Study/DATKLL/RISC_CPU_MIPS.srcs/sources_1/new/mem_wb.v" into library xil_defaultlib
INFO: [VRFC 10-311] analyzing module MEM_WB
INFO: [VRFC 10-2263] Analyzing Verilog file "C:/Study/DATKLL/RISC_CPU_MIPS.srcs/sources_1/new/module harzard.v" into library xil_defaultlib
INFO: [VRFC 10-311] analyzing module hazard_detection_unit
INFO: [VRFC 10-2263] Analyzing Verilog file "C:/Study/DATKLL/RISC_CPU_MIPS.srcs/sources_1/new/register aray.v" into library xil_defaultlib
INFO: [VRFC 10-311] analyzing module register_file
INFO: [VRFC 10-2263] Analyzing Verilog file "C:/Study/DATKLL/RISC_CPU_MIPS.srcs/sources_1/new/CPU.v" into library xil_defaultlib
INFO: [VRFC 10-311] analyzing module CPU
WARNING: [VRFC 10-2938] 'pc_plus_2' is already implicitly declared on line 111 [C:/Study/DATKLL/RISC_CPU_MIPS.srcs/sources_1/new/CPU.v:297]
INFO: [VRFC 10-2263] Analyzing Verilog file "C:/Study/DATKLL/RISC_CPU_MIPS.srcs/sources_1/new/CPU_single.v" into library xil_defaultlib
INFO: [VRFC 10-311] analyzing module CPU_single
INFO: [VRFC 10-2263] Analyzing Verilog file "C:/Study/DATKLL/RISC_CPU_MIPS.srcs/sim_1/new/tb_RF.v" into library xil_defaultlib
INFO: [VRFC 10-311] analyzing module tb_register_file
INFO: [VRFC 10-2263] Analyzing Verilog file "C:/Study/DATKLL/RISC_CPU_MIPS.srcs/sim_1/new/tb_cpu.v" into library xil_defaultlib
INFO: [VRFC 10-311] analyzing module tb_cpu
INFO: [VRFC 10-2263] Analyzing Verilog file "C:/Study/DATKLL/RISC_CPU_MIPS.srcs/sim_1/new/tb_cpu_single.v" into library xil_defaultlib
INFO: [VRFC 10-311] analyzing module tb_cpu_single
