Time resolution is 1 ps
Instruction memory loaded from program.mem
==============================================================================================================
  CYCLE | PC   | IF/ID | IDEX_rd | IDEX_MR | IF_rs IF_rt | PCW IFIDW FLUSH | FA FB
--------|------|-------|---------|---------|-------------|----------------|------
POST    1 | 0000 | 00000 |   0 |   0     |  0    0   |  1    1     0   | 00  00
 PRE    1 | 0002 | 03005 |   0 |   0     |  0    0   |  1    1     0   | 00  00
POST    2 | 0002 | 03005 |   0 |   0     |  0    0   |  1    1     0   | 00  00
 PRE    2 | 0004 | 0320a |   0 |   0     |  1    0   |  1    1     0   | 00  00
POST    3 | 0004 | 0320a |   0 |   0     |  1    0   |  1    1     0   | 00  00
 PRE    3 | 0006 | 01a48 |   0 |   0     |  5    1   |  1    1     0   | 00  00
POST    4 | 0006 | 01a48 |   0 |   0     |  5    1   |  1    1     0   | 00  00
 PRE    4 | 0008 | 018d8 |   0 |   0     |  4    3   |  1    1     0   | 00  00
POST    5 | 0008 | 018d8 |   0 |   0     |  4    3   |  1    1     0   | 00  00
 PRE    5 | 000a | 09800 |   0 |   0     |  4    0   |  1    1     0   | 00  00
POST    6 | 000a | 09800 |   0 |   0     |  4    0   |  1    1     0   | 00  00
 PRE    6 | 000c | 08140 |   0 |   0     |  0    5   |  1    1     0   | 00  00
POST    7 | 000c | 08140 |   0 |   0     |  0    5   |  1    1     0   | 00  00
 PRE    7 | 000e | 01c68 |   0 |   0     |  6    1   |  1    1     0   | 00  00
POST    8 | 000e | 01c68 |   0 |   0     |  6    1   |  1    1     0   | 00  00
 PRE    8 | 0010 | 0f000 |   0 |   0     |  0    0   |  1    1     0   | 00  00
POST    9 | 0010 | 0f000 |   0 |   0     |  0    0   |  1    1     0   | 00  00
==============================================================================================================
 HALT detected at PC = 0010, cycle = 9
==============================================================================================================
$finish called at time : 95 ns : File "C:/Study/DATKLL/RISC_CPU_MIPS.srcs/sim_1/new/tb_cpu.v" Line 77
